<?xml version="1.0" encoding="UTF-8"?>
<!-- Generated by org.testng.reporters.JUnitXMLReporter -->
<testsuite ignored="0" hostname="DSK-920" failures="0" tests="5" name="Testing" time="8.222" errors="0" timestamp="2021-08-05T11:37:22 IST">
  <testcase classname="com.selenium.test.InputFormTest" name="TC001_testSimpleInputForm" time="1.209"/>
  <testcase classname="com.selenium.test.InputFormTest" name="TC002_testCheckboxDemo" time="0.481"/>
  <testcase classname="com.selenium.test.InputFormTest" name="TC003_testRadioButtonDemo" time="0.566"/>
  <testcase classname="com.selenium.test.InputFormTest" name="TC004_testJquerySelectDropdown" time="1.504"/>
  <testcase classname="com.selenium.test.InputFormTest" name="TC005_testInputFormSubmit" time="4.42"/>
</testsuite> <!-- Testing -->
