<?xml version="1.0" encoding="UTF-8"?>
<testng-results ignored="0" total="5" passed="5" failed="0" skipped="0">
  <reporter-output>
  </reporter-output>
  <suite started-at="2021-08-05T11:37:14 IST" name="RegressionSuite" finished-at="2021-08-05T11:37:22 IST" duration-ms="8222">
    <groups>
      <group name="UI Test">
        <method signature="InputFormTest.TC002_testCheckboxDemo(java.lang.String)[pri:2, instance:com.selenium.test.InputFormTest@1e1a0406]" name="TC002_testCheckboxDemo" class="com.selenium.test.InputFormTest"/>
        <method signature="InputFormTest.TC003_testRadioButtonDemo()[pri:3, instance:com.selenium.test.InputFormTest@1e1a0406]" name="TC003_testRadioButtonDemo" class="com.selenium.test.InputFormTest"/>
        <method signature="InputFormTest.TC004_testJquerySelectDropdown(java.lang.String)[pri:4, instance:com.selenium.test.InputFormTest@1e1a0406]" name="TC004_testJquerySelectDropdown" class="com.selenium.test.InputFormTest"/>
      </group> <!-- UI Test -->
      <group name="Functionality">
        <method signature="InputFormTest.TC001_testSimpleInputForm(java.lang.String)[pri:1, instance:com.selenium.test.InputFormTest@1e1a0406]" name="TC001_testSimpleInputForm" class="com.selenium.test.InputFormTest"/>
        <method signature="InputFormTest.TC005_testInputFormSubmit()[pri:5, instance:com.selenium.test.InputFormTest@1e1a0406]" name="TC005_testInputFormSubmit" class="com.selenium.test.InputFormTest"/>
      </group> <!-- Functionality -->
    </groups>
    <test started-at="2021-08-05T11:37:14 IST" name="Testing" finished-at="2021-08-05T11:37:22 IST" duration-ms="8222">
      <class name="com.selenium.test.InputFormTest">
        <test-method is-config="true" signature="setUp()[pri:0, instance:com.selenium.test.InputFormTest@1e1a0406]" started-at="2021-08-05T11:37:08 IST" name="setUp" finished-at="2021-08-05T11:37:14 IST" duration-ms="6065" status="PASS">
          <reporter-output>
          </reporter-output>
        </test-method> <!-- setUp -->
        <test-method signature="TC001_testSimpleInputForm(java.lang.String)[pri:1, instance:com.selenium.test.InputFormTest@1e1a0406]" started-at="2021-08-05T11:37:14 IST" name="TC001_testSimpleInputForm" finished-at="2021-08-05T11:37:15 IST" duration-ms="1209" status="PASS">
          <params>
            <param index="0">
              <value>
                <![CDATA[Hello Team]]>
              </value>
            </param>
          </params>
          <reporter-output>
          </reporter-output>
        </test-method> <!-- TC001_testSimpleInputForm -->
        <test-method signature="TC002_testCheckboxDemo(java.lang.String)[pri:2, instance:com.selenium.test.InputFormTest@1e1a0406]" started-at="2021-08-05T11:37:15 IST" name="TC002_testCheckboxDemo" finished-at="2021-08-05T11:37:16 IST" duration-ms="481" status="PASS">
          <params>
            <param index="0">
              <value>
                <![CDATA[Success - Check box is checked]]>
              </value>
            </param>
          </params>
          <reporter-output>
          </reporter-output>
        </test-method> <!-- TC002_testCheckboxDemo -->
        <test-method signature="TC003_testRadioButtonDemo()[pri:3, instance:com.selenium.test.InputFormTest@1e1a0406]" started-at="2021-08-05T11:37:16 IST" name="TC003_testRadioButtonDemo" finished-at="2021-08-05T11:37:16 IST" duration-ms="566" status="PASS">
          <reporter-output>
          </reporter-output>
        </test-method> <!-- TC003_testRadioButtonDemo -->
        <test-method signature="TC004_testJquerySelectDropdown(java.lang.String)[pri:4, instance:com.selenium.test.InputFormTest@1e1a0406]" started-at="2021-08-05T11:37:16 IST" name="TC004_testJquerySelectDropdown" finished-at="2021-08-05T11:37:18 IST" duration-ms="1504" status="PASS">
          <params>
            <param index="0">
              <value>
                <![CDATA[India]]>
              </value>
            </param>
          </params>
          <reporter-output>
          </reporter-output>
        </test-method> <!-- TC004_testJquerySelectDropdown -->
        <test-method signature="TC005_testInputFormSubmit()[pri:5, instance:com.selenium.test.InputFormTest@1e1a0406]" started-at="2021-08-05T11:37:18 IST" name="TC005_testInputFormSubmit" finished-at="2021-08-05T11:37:22 IST" duration-ms="4420" status="PASS">
          <reporter-output>
          </reporter-output>
        </test-method> <!-- TC005_testInputFormSubmit -->
        <test-method is-config="true" signature="afterTest()[pri:0, instance:com.selenium.test.InputFormTest@1e1a0406]" started-at="2021-08-05T11:37:22 IST" name="afterTest" finished-at="2021-08-05T11:37:22 IST" duration-ms="421" status="PASS">
          <reporter-output>
          </reporter-output>
        </test-method> <!-- afterTest -->
      </class> <!-- com.selenium.test.InputFormTest -->
    </test> <!-- Testing -->
  </suite> <!-- RegressionSuite -->
</testng-results>
